<?xml version="1.0" encoding="UTF-8"?>
<testsuite name="StaticPagesControllerTest" skipped="0" failures="0" errors="0" tests="1" assertions="1" time="0.18615674700049567">
  <testcase name="test_should_get_hello" classname="StaticPagesControllerTest" assertions="1" time="0.18615674700049567">
  </testcase>
</testsuite>
